\BOOKMARK [1][-]{section.1}{\376\377\000I\000n\000t\000r\000o\000d\000u\000c\000t\000i\000o\000n\000\040\000e\000t\000\040\000b\000e\000s\000o\000i\000n\000\040\000i\000d\000e\000n\000t\000i\000f\000i\000\351}{}% 1
\BOOKMARK [2][-]{subsection.1.1}{\376\377\000C\000o\000n\000t\000e\000x\000t\000e\000\040\000g\000\351\000n\000\351\000r\000a\000l}{section.1}% 2
\BOOKMARK [2][-]{subsection.1.2}{\376\377\000B\000e\000s\000o\000i\000n\000\040\000i\000d\000e\000n\000t\000i\000f\000i\000\351}{section.1}% 3
\BOOKMARK [2][-]{subsection.1.3}{\376\377\000O\000b\000j\000e\000c\000t\000i\000f\000s\000\040\000d\000u\000\040\000s\000c\000r\000i\000p\000t}{section.1}% 4
\BOOKMARK [2][-]{subsection.1.4}{\376\377\000P\000u\000b\000l\000i\000c\000\040\000c\000i\000b\000l\000e}{section.1}% 5
\BOOKMARK [2][-]{subsection.1.5}{\376\377\000A\000r\000c\000h\000i\000t\000e\000c\000t\000u\000r\000e\000\040\000g\000\351\000n\000\351\000r\000a\000l\000e}{section.1}% 6
\BOOKMARK [1][-]{section.2}{\376\377\000F\000o\000n\000c\000t\000i\000o\000n\000n\000a\000l\000i\000t\000\351\000s\000\040\000i\000m\000p\000l\000\351\000m\000e\000n\000t\000\351\000e\000s}{}% 7
\BOOKMARK [2][-]{subsection.2.1}{\376\377\000S\000y\000n\000t\000a\000x\000e\000\040\000d\000'\000u\000t\000i\000l\000i\000s\000a\000t\000i\000o\000n}{section.2}% 8
\BOOKMARK [2][-]{subsection.2.2}{\376\377\000O\000p\000t\000i\000o\000n\000s\000\040\000d\000i\000s\000p\000o\000n\000i\000b\000l\000e\000s}{section.2}% 9
\BOOKMARK [2][-]{subsection.2.3}{\376\377\000V\000\351\000r\000i\000f\000i\000c\000a\000t\000i\000o\000n\000s\000\040\000d\000e\000\040\000s\000\351\000c\000u\000r\000i\000t\000\351\000\040\040\024\000\040\000f\000u\000l\000l\000\137\000s\000c\000a\000n\000\040\000\050\0002\0000\000\040\000c\000h\000e\000c\000k\000s\000\051}{section.2}% 10
\BOOKMARK [2][-]{subsection.2.4}{\376\377\000G\000e\000s\000t\000i\000o\000n\000\040\000d\000e\000s\000\040\000l\000o\000g\000s}{section.2}% 11
\BOOKMARK [2][-]{subsection.2.5}{\376\377\000H\000e\000l\000p\000e\000r\000s\000\040\000C\000\040\000c\000o\000m\000p\000i\000l\000\351\000s\000\040\000\340\000\040\000l\000a\000\040\000v\000o\000l\000\351\000e}{section.2}% 12
\BOOKMARK [3][-]{subsubsection.2.5.1}{\376\377\000f\000o\000r\000k\000\137\000h\000e\000l\000p\000e\000r\000.\000c\000\040\040\024\000\040\000m\000o\000d\000e\000\040\000-\000f}{subsection.2.5}% 13
\BOOKMARK [3][-]{subsubsection.2.5.2}{\376\377\000t\000h\000r\000e\000a\000d\000\137\000h\000e\000l\000p\000e\000r\000.\000c\000\040\040\024\000\040\000m\000o\000d\000e\000\040\000-\000t}{subsection.2.5}% 14
\BOOKMARK [2][-]{subsection.2.6}{\376\377\000C\000o\000n\000c\000e\000p\000t\000s\000\040\000s\000h\000e\000l\000l\000\040\000i\000m\000p\000l\000\351\000m\000e\000n\000t\000\351\000s}{section.2}% 15
\BOOKMARK [2][-]{subsection.2.7}{\376\377\000S\000\351\000c\000u\000r\000i\000t\000\351\000\040\000i\000n\000t\000e\000r\000n\000e\000\040\000d\000u\000\040\000s\000c\000r\000i\000p\000t}{section.2}% 16
\BOOKMARK [1][-]{section.3}{\376\377\000T\000e\000s\000t\000s\000\040\000e\000t\000\040\000e\000x\000\351\000c\000u\000t\000i\000o\000n\000s}{}% 17
\BOOKMARK [2][-]{subsection.3.1}{\376\377\000M\000o\000d\000e\000\040\000n\000o\000r\000m\000a\000l\000\040\040\024\000\040\000S\000c\000a\000n\000\040\000c\000o\000m\000p\000l\000e\000t\000\040\000\050\000-\000C\000\051}{section.3}% 18
\BOOKMARK [2][-]{subsection.3.2}{\376\377\000M\000o\000d\000e\000\040\000s\000u\000b\000s\000h\000e\000l\000l\000\040\000\050\000-\000s\000\051}{section.3}% 19
\BOOKMARK [2][-]{subsection.3.3}{\376\377\000M\000o\000d\000e\000\040\000f\000o\000r\000k\000\040\000\050\000-\000f\000\051}{section.3}% 20
\BOOKMARK [2][-]{subsection.3.4}{\376\377\000M\000o\000d\000e\000\040\000t\000h\000r\000e\000a\000d\000\040\000\050\000-\000t\000\051}{section.3}% 21
\BOOKMARK [2][-]{subsection.3.5}{\376\377\000F\000o\000n\000c\000t\000i\000o\000n\000n\000a\000l\000i\000t\000\351\000s\000\040\000a\000v\000a\000n\000c\000\351\000e\000s}{section.3}% 22
\BOOKMARK [3][-]{subsubsection.3.5.1}{\376\377\000B\000a\000s\000e\000l\000i\000n\000e\000\040\000d\000e\000\040\000f\000i\000c\000h\000i\000e\000r\000s\000\040\000c\000r\000i\000t\000i\000q\000u\000e\000s}{subsection.3.5}% 23
\BOOKMARK [3][-]{subsubsection.3.5.2}{\376\377\000A\000u\000t\000o\000-\000r\000e\000m\000\351\000d\000i\000a\000t\000i\000o\000n}{subsection.3.5}% 24
\BOOKMARK [3][-]{subsubsection.3.5.3}{\376\377\000A\000n\000a\000l\000y\000s\000e\000\040\000C\000V\000E\000\040\000k\000e\000r\000n\000e\000l}{subsection.3.5}% 25
\BOOKMARK [3][-]{subsubsection.3.5.4}{\376\377\000E\000x\000p\000o\000r\000t\000\040\000J\000S\000O\000N\000\040\000e\000t\000\040\000B\000a\000n\000n\000e\000r\000\040\000G\000r\000a\000b}{subsection.3.5}% 26
\BOOKMARK [1][-]{section.4}{\376\377\000G\000e\000s\000t\000i\000o\000n\000\040\000d\000e\000s\000\040\000e\000r\000r\000e\000u\000r\000s}{}% 27
\BOOKMARK [2][-]{subsection.4.1}{\376\377\000T\000a\000b\000l\000e\000a\000u\000\040\000d\000e\000s\000\040\000c\000o\000d\000e\000s\000\040\000d\000'\000e\000r\000r\000e\000u\000r}{section.4}% 28
\BOOKMARK [2][-]{subsection.4.2}{\376\377\000C\000o\000d\000e\000\040\0001\0000\0000\000\040\040\024\000\040\000O\000p\000t\000i\000o\000n\000\040\000i\000n\000v\000a\000l\000i\000d\000e}{section.4}% 29
\BOOKMARK [2][-]{subsection.4.3}{\376\377\000C\000o\000d\000e\000\040\0001\0000\0001\000\040\040\024\000\040\000P\000a\000r\000a\000m\000\350\000t\000r\000e\000\040\000m\000a\000n\000q\000u\000a\000n\000t}{section.4}% 30
\BOOKMARK [2][-]{subsection.4.4}{\376\377\000C\000o\000d\000e\000\040\0001\0000\0002\000\040\040\024\000\040\000P\000e\000r\000m\000i\000s\000s\000i\000o\000n\000\040\000d\000e\000n\000i\000e\000d}{section.4}% 31
\BOOKMARK [2][-]{subsection.4.5}{\376\377\000C\000o\000d\000e\000\040\0001\0000\0003\000\040\040\024\000\040\000E\000r\000r\000e\000u\000r\000\040\000d\000e\000\040\000l\000o\000g}{section.4}% 32
\BOOKMARK [2][-]{subsection.4.6}{\376\377\000C\000o\000d\000e\000s\000\040\0001\0000\0004\000\040\000e\000t\000\040\0001\0000\0005\000\040\040\024\000\040\000P\000y\000t\000h\000o\000n\000\040\000/\000\040\000C\000o\000m\000p\000i\000l\000a\000t\000i\000o\000n\000\040\000C}{section.4}% 33
\BOOKMARK [1][-]{section.5}{\376\377\000D\000o\000c\000u\000m\000e\000n\000t\000a\000t\000i\000o\000n}{}% 34
\BOOKMARK [2][-]{subsection.5.1}{\376\377\000D\000o\000c\000u\000m\000e\000n\000t\000a\000t\000i\000o\000n\000\040\000i\000n\000t\000\351\000g\000r\000\351\000e\000\040\000\050\000-\000h\000\051}{section.5}% 35
\BOOKMARK [2][-]{subsection.5.2}{\376\377\000S\000t\000r\000u\000c\000t\000u\000r\000e\000\040\000d\000e\000\040\000l\000a\000\040\000d\000o\000c\000u\000m\000e\000n\000t\000a\000t\000i\000o\000n\000\040\000i\000n\000t\000\351\000g\000r\000\351\000e}{section.5}% 36
\BOOKMARK [2][-]{subsection.5.3}{\376\377\000R\000\351\000s\000u\000m\000\351\000\040\000d\000e\000\040\000f\000i\000n\000\040\000d\000e\000\040\000s\000c\000a\000n}{section.5}% 37
\BOOKMARK [1][-]{section.6}{\376\377\000C\000o\000n\000c\000l\000u\000s\000i\000o\000n}{}% 38
